build/app/outputs/mapping/release/seeds.txt
com.nr.delta.MainActivity
com.nr.delta.MainActivity: MainActivity()
...
com.google.firebase.auth.FirebaseAuthRegistrar: com.google.firebase.auth.FirebaseAuth lambda$getComponents$0(com.google.firebase.components.ComponentContainer)
com.google.android.gms.internal.measurement.zzfq: int zza
com.google.firebase.firestore.core.OrderBy$Direction: com.google.firebase.firestore.core.OrderBy$Direction valueOf(java.lang.String)
com.google.firestore.v1.CommitResponse: com.google.protobuf.Timestamp commitTime_
io.flutter.embedding.engine.FlutterJNI: void requestDartDeferredLibrary(int)
android.support.v4.media.session.MediaSessionCompat$ResultReceiverWrapper
androidx.core.app.CoreComponentFactory
androidx.fragment.app.FragmentManagerState: android.os.Parcelable$Creator CREATOR
com.google.android.gms.internal.measurement.zzfo: com.google.android.gms.internal.measurement.zzfo zzj
io.flutter.view.AccessibilityBridge$TextDirection: io.flutter.view.AccessibilityBridge$TextDirection[] values()
com.google.firebase.firestore.proto.NoDocument
android.support.v4.media.session.MediaSessionCompat$Token
org.threeten.bp.ZonedDateTime: java.lang.Object writeReplace()
com.google.android.gms.internal.firebase-auth-api.zzht: com.google.android.gms.internal.firebase-auth-api.zzyu zzg
com.google.android.gms.internal.measurement.zzfe: java.lang.String zzf
com.google.firebase.firestore.proto.Target: int DOCUMENTS_FIELD_NUMBER
com.dexterous.flutterlocalnotifications.FlutterLocalNotificationsPlugin: void setBigTextStyle(com.dexterous.flutterlocalnotifications.models.NotificationDetails,androidx.core.app.NotificationCompat$Builder)
com.google.android.gms.internal.firebase-auth-api.zznm: android.os.Parcelable$Creator CREATOR
com.dexterous.flutterlocalnotifications.models.NotificationDetails: java.lang.Integer groupAlertBehavior
com.google.firestore.v1.StructuredQuery$CollectionSelector: int ALL_DESCENDANTS_FIELD_NUMBER
io.flutter.embedding.engine.mutatorsstack.FlutterMutatorsStack: void pushClipRect(int,int,int,int)
com.google.firestore.v1.TargetChange: int targetChangeType_
org.threeten.bp.temporal.ChronoUnit: org.threeten.bp.temporal.ChronoUnit[] values()
com.google.firestore.v1.StructuredQuery$UnaryFilter: java.lang.Object operandType_
io.grpc.internal.GzipInflatingBuffer$State: io.grpc.internal.GzipInflatingBuffer$State valueOf(java.lang.String)
com.dexterous.flutterlocalnotifications.models.NotificationDetails: java.lang.String COLOR_ALPHA
io.flutter.plugins.firebase.core.FlutterFirebasePluginRegistry: com.google.android.gms.tasks.Task getPluginConstantsForFirebaseApp(com.google.firebase.FirebaseApp)
androidx.core.graphics.drawable.IconCompatParcelizer
com.dexterous.flutterlocalnotifications.models.NotificationDetails: java.lang.String SUMMARY_TEXT
com.google.android.gms.internal.measurement.zzeh: boolean zzi
androidx.media.AudioAttributesCompatParcelizer: void write(androidx.media.AudioAttributesCompat,androidx.versionedparcelable.VersionedParcel)
com.google.android.gms.common.api.internal.LifecycleCallback
io.flutter.plugins.firebase.firestore.FlutterFirebaseFirestoreRegistrar: java.util.List getComponents()
com.google.android.gms.internal.measurement.zzfk: com.google.android.gms.internal.measurement.zzgd zzf
com.dexterous.flutterlocalnotifications.models.NotificationDetails: java.lang.String VIBRATION_PATTERN
com.dexterous.flutterlocalnotifications.SoundSource
com.google.protobuf.Timestamp: int NANOS_FIELD_NUMBER
com.google.firebase.firestore.core.ViewSnapshot$SyncState: com.google.firebase.firestore.core.ViewSnapshot$SyncState[] values()
io.flutter.embedding.engine.FlutterJNI: void nativeInvokePlatformMessageEmptyResponseCallback(long,int)
com.google.firestore.v1.DocumentRemove: int removedTargetIdsMemoizedSerializedSize
com.google.android.gms.internal.measurement.zzfu
io.flutter.embedding.engine.FlutterJNI: void dispatchEmptyPlatformMessage(java.lang.String,int)
com.google.android.gms.safetynet.SafeBrowsingData: android.os.Parcelable$Creator CREATOR
com.google.firebase.firestore.proto.Target