build/app/outputs/mapping/release/mapping.txt
# compiler: R8
# compiler_version: 2.1.62
# min_api: 21
# pg_map_id: beeba38
# common_typos_disable
...
io.grpc.internal.ManagedChannelImpl$1PrepareToLoseNetworkRunnable -> d.b.k1.d1$f:
    io.grpc.internal.ManagedChannelImpl this$0 -> k
io.grpc.internal.ManagedChannelImpl$1RequestConnection -> d.b.k1.d1$g:
    io.grpc.internal.ManagedChannelImpl this$0 -> k
io.grpc.internal.ManagedChannelImpl$1ResetConnectBackoff -> d.b.k1.d1$h:
    io.grpc.internal.ManagedChannelImpl this$0 -> k
io.grpc.internal.ManagedChannelImpl$1Shutdown -> d.b.k1.d1$i:
    io.grpc.internal.ManagedChannelImpl this$0 -> k
io.grpc.internal.ManagedChannelImpl$1ShutdownNow -> d.b.k1.d1$j:
    io.grpc.internal.ManagedChannelImpl this$0 -> k
io.grpc.internal.ManagedChannelImpl$2 -> d.b.k1.d1$k:
    io.grpc.internal.ManagedChannelImpl this$0 -> k
io.grpc.internal.ManagedChannelImpl$ChannelTransportProvider -> d.b.k1.d1$l:
    io.grpc.internal.ManagedChannelImpl this$0 -> a
    io.grpc.internal.ClientStream newRetriableStream(io.grpc.MethodDescriptor,io.grpc.CallOptions,io.grpc.Metadata,io.grpc.Context) -> a
    io.grpc.internal.ClientTransport get(io.grpc.LoadBalancer$PickSubchannelArgs) -> b
io.grpc.internal.ManagedChannelImpl$ChannelTransportProvider$1ExitIdleModeForTransport -> d.b.k1.d1$l$a:
    io.grpc.internal.ManagedChannelImpl$ChannelTransportProvider this$1 -> k
io.grpc.internal.ManagedChannelImpl$ChannelTransportProvider$1RetryStream -> d.b.k1.d1$l$b:
    io.grpc.MethodDescriptor val$method -> A
    io.grpc.Context val$context -> C
    io.grpc.CallOptions val$callOptions -> B
    io.grpc.internal.ManagedChannelImpl$ChannelTransportProvider this$1 -> D
    io.grpc.internal.ClientStream newSubstream(io.grpc.ClientStreamTracer$Factory,io.grpc.Metadata) -> c0
    void postCommit() -> d0
    io.grpc.Status prestart() -> e0
io.grpc.internal.ManagedChannelImpl$DelayedNameResolverRefresh -> d.b.k1.d1$m:
    io.grpc.internal.ManagedChannelImpl this$0 -> k
io.grpc.internal.ManagedChannelImpl$DelayedTransportListener -> d.b.k1.d1$n:
    io.grpc.internal.ManagedChannelImpl this$0 -> a
    void transportTerminated() -> a
    void transportReady() -> b
    void transportInUse(boolean) -> c
    void transportShutdown(io.grpc.Status) -> d
io.grpc.internal.ManagedChannelImpl$ExecutorHolder -> d.b.k1.d1$o:
    java.util.concurrent.Executor executor -> b
    io.grpc.internal.ObjectPool pool -> a
    java.util.concurrent.Executor getExecutor() -> a
    void release() -> b
io.grpc.internal.ManagedChannelImpl$IdleModeStateAggregator -> d.b.k1.d1$p:
    io.grpc.internal.ManagedChannelImpl this$0 -> b
    void handleInUse() -> a
    void handleNotInUse() -> b
io.grpc.internal.ManagedChannelImpl$IdleModeTimer -> d.b.k1.d1$q:
    io.grpc.internal.ManagedChannelImpl this$0 -> k
io.grpc.internal.ManagedChannelImpl$LbHelperImpl -> d.b.k1.d1$r:
    io.grpc.internal.AutoConfiguredLoadBalancerFactory$AutoConfiguredLoadBalancer lb -> a
    io.grpc.internal.ManagedChannelImpl this$0 -> b
    io.grpc.LoadBalancer$Subchannel createSubchannel(io.grpc.LoadBalancer$CreateSubchannelArgs) -> a
    io.grpc.ChannelLogger getChannelLogger() -> b
    io.grpc.SynchronizationContext getSynchronizationContext() -> c
    void updateBalancingState(io.grpc.ConnectivityState,io.grpc.LoadBalancer$SubchannelPicker) -> d
    io.grpc.internal.AbstractSubchannel createSubchannel(io.grpc.LoadBalancer$CreateSubchannelArgs) -> e
    io.grpc.internal.ManagedChannelImpl$SubchannelImpl createSubchannelInternal(io.grpc.LoadBalancer$CreateSubchannelArgs) -> f
io.grpc.internal.ManagedChannelImpl$LbHelperImpl$1UpdateBalancingState -> d.b.k1.d1$r$a:
    io.grpc.ConnectivityState val$newState -> l
    io.grpc.LoadBalancer$SubchannelPicker val$newPicker -> k
    io.grpc.internal.ManagedChannelImpl$LbHelperImpl this$1 -> m