build/app/outputs/mapping/release/usage.txt
com.nr.delta.R
com.nr.delta.R$dimen
com.nr.delta.R$drawable
com.nr.delta.R$style
com.nr.delta.BuildConfig
com.nr.delta.R$styleable
com.nr.delta.R$layout
com.nr.delta.R$attr
com.nr.delta.R$integer
com.nr.delta.R$mipmap
com.nr.delta.R$string
com.nr.delta.R$id
com.nr.delta.R$color
...
com.google.common.util.concurrent.MoreExecutors$DirectExecutorService
com.google.common.collect.EmptyImmutableSetMultimap
com.google.firebase.components.Lazy:
    void <init>(java.lang.Object)
    boolean isInitialized()
androidx.browser.browseractions.BrowserActionsIntent$BrowserActionsItemId
com.google.android.gms.common.api.internal.zabf
kotlin.internal.LowPriorityInOverloadResolution
io.grpc.okhttp.OkHttpChannelProvider:
    public io.grpc.okhttp.OkHttpChannelBuilder builderForAddress(java.lang.String,int)
    public synthetic bridge io.grpc.ManagedChannelBuilder builderForAddress(java.lang.String,int)
com.google.common.base.PatternCompiler:
    public abstract com.google.common.base.CommonPattern compile(java.lang.String)
    public abstract boolean isPcreLike()
com.google.firebase.auth.internal.zzar
androidx.core.net.ConnectivityManagerCompat$RestrictBackgroundStatus
com.google.gson.LongSerializationPolicy$1:
    public com.google.gson.JsonElement serialize(java.lang.Long)
com.google.common.util.concurrent.RateLimiter$SleepingStopwatch$1
io.grpc.PersistentHashArrayMappedTrie$Node:
    public abstract java.lang.Object get(java.lang.Object,int,int)
    public abstract io.grpc.PersistentHashArrayMappedTrie$Node put(java.lang.Object,java.lang.Object,int,int)
    public abstract int size()
kotlin.time.DurationUnitKt
com.google.common.primitives.SignedBytes$LexicographicalComparator
androidx.localbroadcastmanager.R
com.google.firestore.bundle.BundledDocumentMetadata
com.google.gson.internal.LinkedHashTreeMap$EntrySet
com.google.firestore.v1.TransactionOptions:
    private void clearMode()
    private void setReadOnly(com.google.firestore.v1.TransactionOptions$ReadOnly)
    private void mergeReadOnly(com.google.firestore.v1.TransactionOptions$ReadOnly)
    private void clearReadOnly()
    private void setReadWrite(com.google.firestore.v1.TransactionOptions$ReadWrite)
    private void mergeReadWrite(com.google.firestore.v1.TransactionOptions$ReadWrite)
    private void clearReadWrite()
    public static com.google.firestore.v1.TransactionOptions parseFrom(java.nio.ByteBuffer)
    public static com.google.firestore.v1.TransactionOptions parseFrom(java.nio.ByteBuffer,com.google.protobuf.ExtensionRegistryLite)
    public static com.google.firestore.v1.TransactionOptions parseFrom(com.google.protobuf.ByteString)
    public static com.google.firestore.v1.TransactionOptions parseFrom(com.google.protobuf.ByteString,com.google.protobuf.ExtensionRegistryLite)
    public static com.google.firestore.v1.TransactionOptions parseFrom(byte[])
    public static com.google.firestore.v1.TransactionOptions parseFrom(byte[],com.google.protobuf.ExtensionRegistryLite)
    public static com.google.firestore.v1.TransactionOptions parseFrom(java.io.InputStream)
    public static com.google.firestore.v1.TransactionOptions parseFrom(java.io.InputStream,com.google.protobuf.ExtensionRegistryLite)
    public static com.google.firestore.v1.TransactionOptions parseDelimitedFrom(java.io.InputStream)
com.google.firebase.auth.OAuthProvider$CredentialBuilder:
    public java.lang.String getAccessToken()
    public java.lang.String getIdToken()
com.google.firestore.v1.PreconditionOrBuilder
kotlin.ranges.ClosedRange
com.google.common.xml.XmlEscapers
com.google.common.collect.Sets$CartesianSet
com.google.common.collect.RegularImmutableMap$EntrySet$1
com.google.common.collect.CompactHashSet$1
androidx.lifecycle.ViewModelProvider$NewInstanceFactory
com.google.protobuf.StructProto
com.google.cloud.audit.RequestMetadata$1
androidx.lifecycle.ViewModelProvider:
    public void <init>(androidx.lifecycle.ViewModelStoreOwner,androidx.lifecycle.ViewModelProvider$Factory)
    private static final java.lang.String DEFAULT_KEY
com.google.firestore.v1.BatchGetDocumentsRequestOrBuilder
com.google.common.collect.ImmutableEnumSet$EnumSerializedForm
com.google.common.util.concurrent.Service
androidx.browser.browseractions.BrowserActionsFallbackMenuDialog$1